build/app/outputs/mapping/debug/mapping.txt
# compiler: R8
# compiler_version: 1.5.64
# min_api: 16
# pg_map_id: 38edae1
com.example.flutterappcarsecur.MainActivity -> com.example.flutterappcarsecur.MainActivity:
    8:8:void <init>() -> <init>
    10:11:void configureFlutterEngine(io.flutter.embedding.engine.FlutterEngine) -> b
...
com.google.gson.JsonIOException -> c.a.f.m:
    29:30:void <init>(java.lang.String) -> <init>
    33:34:void <init>(java.lang.String,java.lang.Throwable) -> <init>
    43:44:void <init>(java.lang.Throwable) -> <init>
com.google.gson.JsonNull -> c.a.f.n:
    com.google.gson.JsonNull INSTANCE -> a
    32:32:void <clinit>() -> <clinit>
    39:41:void <init>() -> <init>
    65:65:boolean equals(java.lang.Object) -> equals
    57:57:int hashCode() -> hashCode
com.google.gson.JsonObject -> c.a.f.o:
    com.google.gson.internal.LinkedTreeMap members -> a
    32:33:void <init>() -> <init>
    58:62:void add(java.lang.String,com.google.gson.JsonElement) -> a
    165:165:boolean has(java.lang.String) -> a
    72:72:com.google.gson.JsonElement remove(java.lang.String) -> b
    210:210:boolean equals(java.lang.Object) -> equals
    216:216:int hashCode() -> hashCode
    136:136:java.util.Set entrySet() -> q
com.google.gson.JsonParseException -> c.a.f.p:
    42:43:void <init>(java.lang.String) -> <init>
    52:53:void <init>(java.lang.String,java.lang.Throwable) -> <init>
    62:63:void <init>(java.lang.Throwable) -> <init>
com.google.gson.JsonPrimitive -> c.a.f.q:
    java.lang.Class[] PRIMITIVE_TYPES -> b
    java.lang.Object value -> a
    35:35:void <clinit>() -> <clinit>
    46:48:void <init>(java.lang.Boolean) -> <init>
    55:57:void <init>(java.lang.Number) -> <init>
    64:66:void <init>(java.lang.String) -> <init>
    116:116:boolean isBoolean() -> A
    150:150:boolean isNumber() -> B
    170:170:boolean isString() -> C
    98:108:void setValue(java.lang.Object) -> a
    338:343:boolean isIntegral(com.google.gson.JsonPrimitive) -> a
    278:288:boolean isPrimitiveOrString(java.lang.Object) -> b
    180:185:java.lang.String getAsString() -> d
    310:314:boolean equals(java.lang.Object) -> equals
    293:305:int hashCode() -> hashCode
    136:140:boolean getAsBoolean() -> q
    126:126:java.lang.Boolean getAsBooleanWrapper() -> r
    197:197:double getAsDouble() -> s
    264:264:int getAsInt() -> t
    242:242:long getAsLong() -> y
    161:161:java.lang.Number getAsNumber() -> z
com.google.gson.JsonSerializationContext -> c.a.f.r:
com.google.gson.JsonSerializer -> c.a.f.s:
    com.google.gson.JsonElement serialize(java.lang.Object,java.lang.reflect.Type,com.google.gson.JsonSerializationContext) -> a
com.google.gson.JsonSyntaxException -> c.a.f.t:
    30:31:void <init>(java.lang.String) -> <init>
    34:35:void <init>(java.lang.String,java.lang.Throwable) -> <init>
    45:46:void <init>(java.lang.Throwable) -> <init>
com.google.gson.LongSerializationPolicy -> c.a.f.u:
    com.google.gson.LongSerializationPolicy STRING -> c
    com.google.gson.LongSerializationPolicy DEFAULT -> b
    com.google.gson.LongSerializationPolicy[] $VALUES -> d
    34:27:void <clinit>() -> <clinit>
    27:27:void <init>(java.lang.String,int) -> <init>
    27:27:void <init>(java.lang.String,int,com.google.gson.LongSerializationPolicy$1) -> <init>
    27:27:com.google.gson.LongSerializationPolicy valueOf(java.lang.String) -> valueOf
    27:27:com.google.gson.LongSerializationPolicy[] values() -> values
com.google.gson.LongSerializationPolicy$1 -> c.a.f.u$a:
    34:34:void <init>(java.lang.String,int) -> <init>
com.google.gson.LongSerializationPolicy$2 -> c.a.f.u$b:
    45:45:void <init>(java.lang.String,int) -> <init>
com.google.gson.TypeAdapter -> c.a.f.v:
    119:119:void <init>() -> <init>
    java.lang.Object read(com.google.gson.stream.JsonReader) -> a
    void write(com.google.gson.stream.JsonWriter,java.lang.Object) -> a
    186:186:com.google.gson.TypeAdapter nullSafe() -> a
    233:237:com.google.gson.JsonElement toJsonTree(java.lang.Object) -> a
    284:287:java.lang.Object fromJsonTree(com.google.gson.JsonElement) -> a